<?xml version="1.0" encoding="UTF-8"?>
<!-- Generated by org.testng.reporters.JUnitReportReporter -->
<testsuite hostname="LAPTOP-6FVB8HKS" failures="0" tests="1" name="Test_case.sing_test" time="6.935" errors="0" timestamp="2023-10-26T10:56:01 EDT" skipped="0">
  <testcase classname="Test_case.sing_test" name="test" time="6.935"/>
</testsuite> <!-- Test_case.sing_test -->
