<?xml version="1.0" encoding="UTF-8"?>
<!-- Generated by org.testng.reporters.JUnitReportReporter -->
<testsuite hostname="LAPTOP-6FVB8HKS" failures="0" tests="1" name="Test_case.Test_islahiart" time="6.774" errors="0" timestamp="2023-10-25T19:52:41 EDT" skipped="0">
  <testcase classname="Test_case.Test_islahiart" name="getWomensCloth" time="6.774"/>
</testsuite> <!-- Test_case.Test_islahiart -->
